# JRE version: Java(TM) SE Runtime Environment (8.0_211-b12) (build 1.8.0_211-b12)
# Java VM: Java HotSpot(TM) 64-Bit Server VM (25.211-b12 mixed mode windows-amd64 compressed oops)
Heap:
 PSYoungGen      total 65536K, used 15438K [0x00000000fab00000, 0x0000000100000000, 0x0000000100000000)
  eden space 45056K, 7% used [0x00000000fab00000,0x00000000fae80890,0x00000000fd700000)
  from space 20480K, 57% used [0x00000000fec00000,0x00000000ff793150,0x0000000100000000)
  to   space 20992K, 0% used [0x00000000fd700000,0x00000000fd700000,0x00000000feb80000)
 ParOldGen       total 175104K, used 42315K [0x00000000f0000000, 0x00000000fab00000, 0x00000000fab00000)
  object space 175104K, 24% used [0x00000000f0000000,0x00000000f2952fb8,0x00000000fab00000)
 Metaspace       used 29087K, capacity 29730K, committed 30080K, reserved 1075200K
  class space    used 3706K, capacity 3852K, committed 3968K, reserved 1048576K
GC Heap History (10 events):
Event: 492.221 GC heap before
{Heap before GC invocations=43 (full 1):
 PSYoungGen      total 69632K, used 69358K [0x00000000fab00000, 0x0000000100000000, 0x0000000100000000)
  eden space 57344K, 100% used [0x00000000fab00000,0x00000000fe300000,0x00000000fe300000)
  from space 12288K, 97% used [0x00000000fe300000,0x00000000feebb8c8,0x00000000fef00000)
  to   space 16384K, 0% used [0x00000000ff000000,0x00000000ff000000,0x0000000100000000)
 ParOldGen       total 175104K, used 42067K [0x00000000f0000000, 0x00000000fab00000, 0x00000000fab00000)
  object space 175104K, 24% used [0x00000000f0000000,0x00000000f2914fa8,0x00000000fab00000)
 Metaspace       used 28748K, capacity 29314K, committed 29440K, reserved 1075200K
  class space    used 3668K, capacity 3820K, committed 3840K, reserved 1048576K
Event: 492.230 GC heap after
Heap after GC invocations=43 (full 1):
 PSYoungGen      total 67584K, used 12119K [0x00000000fab00000, 0x0000000100000000, 0x0000000100000000)
  eden space 51200K, 0% used [0x00000000fab00000,0x00000000fab00000,0x00000000fdd00000)
  from space 16384K, 73% used [0x00000000ff000000,0x00000000ffbd5c60,0x0000000100000000)
  to   space 17920K, 0% used [0x00000000fdd00000,0x00000000fdd00000,0x00000000fee80000)
 ParOldGen       total 175104K, used 42147K [0x00000000f0000000, 0x00000000fab00000, 0x00000000fab00000)
  object space 175104K, 24% used [0x00000000f0000000,0x00000000f2928fa8,0x00000000fab00000)
 Metaspace       used 28748K, capacity 29314K, committed 29440K, reserved 1075200K
  class space    used 3668K, capacity 3820K, committed 3840K, reserved 1048576K
}
Event: 499.874 GC heap before
{Heap before GC invocations=44 (full 1):
 PSYoungGen      total 67584K, used 63319K [0x00000000fab00000, 0x0000000100000000, 0x0000000100000000)
  eden space 51200K, 100% used [0x00000000fab00000,0x00000000fdd00000,0x00000000fdd00000)
  from space 16384K, 73% used [0x00000000ff000000,0x00000000ffbd5c60,0x0000000100000000)
  to   space 17920K, 0% used [0x00000000fdd00000,0x00000000fdd00000,0x00000000fee80000)
 ParOldGen       total 175104K, used 42147K [0x00000000f0000000, 0x00000000fab00000, 0x00000000fab00000)
  object space 175104K, 24% used [0x00000000f0000000,0x00000000f2928fa8,0x00000000fab00000)
 Metaspace       used 28792K, capacity 29378K, committed 29696K, reserved 1075200K
  class space    used 3671K, capacity 3820K, committed 3840K, reserved 1048576K
Event: 499.883 GC heap after
Heap after GC invocations=44 (full 1):
 PSYoungGen      total 62976K, used 11978K [0x00000000fab00000, 0x0000000100000000, 0x0000000100000000)
  eden space 50688K, 0% used [0x00000000fab00000,0x00000000fab00000,0x00000000fdc80000)
  from space 12288K, 97% used [0x00000000fdd00000,0x00000000fe8b2a70,0x00000000fe900000)
  to   space 18944K, 0% used [0x00000000fed80000,0x00000000fed80000,0x0000000100000000)
 ParOldGen       total 175104K, used 42163K [0x00000000f0000000, 0x00000000fab00000, 0x00000000fab00000)
  object space 175104K, 24% used [0x00000000f0000000,0x00000000f292cfa8,0x00000000fab00000)
 Metaspace       used 28792K, capacity 29378K, committed 29696K, reserved 1075200K
  class space    used 3671K, capacity 3820K, committed 3840K, reserved 1048576K
}
Event: 524.407 GC heap before
{Heap before GC invocations=45 (full 1):
 PSYoungGen      total 62976K, used 62666K [0x00000000fab00000, 0x0000000100000000, 0x0000000100000000)
  eden space 50688K, 100% used [0x00000000fab00000,0x00000000fdc80000,0x00000000fdc80000)
  from space 12288K, 97% used [0x00000000fdd00000,0x00000000fe8b2a70,0x00000000fe900000)
  to   space 18944K, 0% used [0x00000000fed80000,0x00000000fed80000,0x0000000100000000)
 ParOldGen       total 175104K, used 42163K [0x00000000f0000000, 0x00000000fab00000, 0x00000000fab00000)
  object space 175104K, 24% used [0x00000000f0000000,0x00000000f292cfa8,0x00000000fab00000)
 Metaspace       used 28829K, capacity 29378K, committed 29696K, reserved 1075200K
  class space    used 3671K, capacity 3820K, committed 3840K, reserved 1048576K
Event: 524.421 GC heap after
Heap after GC invocations=45 (full 1):
 PSYoungGen      total 66048K, used 12272K [0x00000000fab00000, 0x0000000100000000, 0x0000000100000000)
  eden space 47104K, 0% used [0x00000000fab00000,0x00000000fab00000,0x00000000fd900000)
  from space 18944K, 64% used [0x00000000fed80000,0x00000000ff97c2c8,0x0000000100000000)
  to   space 19968K, 0% used [0x00000000fd900000,0x00000000fd900000,0x00000000fec80000)
 ParOldGen       total 175104K, used 42195K [0x00000000f0000000, 0x00000000fab00000, 0x00000000fab00000)
  object space 175104K, 24% used [0x00000000f0000000,0x00000000f2934fb8,0x00000000fab00000)
 Metaspace       used 28829K, capacity 29378K, committed 29696K, reserved 1075200K
  class space    used 3671K, capacity 3820K, committed 3840K, reserved 1048576K
}
Event: 536.244 GC heap before
{Heap before GC invocations=46 (full 1):
 PSYoungGen      total 66048K, used 58194K [0x00000000fab00000, 0x0000000100000000, 0x0000000100000000)
  eden space 47104K, 97% used [0x00000000fab00000,0x00000000fd7d8928,0x00000000fd900000)
  from space 18944K, 64% used [0x00000000fed80000,0x00000000ff97c2c8,0x0000000100000000)
  to   space 19968K, 0% used [0x00000000fd900000,0x00000000fd900000,0x00000000fec80000)
 ParOldGen       total 175104K, used 42195K [0x00000000f0000000, 0x00000000fab00000, 0x00000000fab00000)
  object space 175104K, 24% used [0x00000000f0000000,0x00000000f2934fb8,0x00000000fab00000)
 Metaspace       used 29045K, capacity 29602K, committed 29824K, reserved 1075200K
  class space    used 3706K, capacity 3852K, committed 3968K, reserved 1048576K
Event: 536.256 GC heap after
Heap after GC invocations=46 (full 1):
 PSYoungGen      total 58880K, used 12141K [0x00000000fab00000, 0x0000000100000000, 0x0000000100000000)
  eden space 46592K, 0% used [0x00000000fab00000,0x00000000fab00000,0x00000000fd880000)
  from space 12288K, 98% used [0x00000000fd900000,0x00000000fe4db518,0x00000000fe500000)
  to   space 20480K, 0% used [0x00000000fec00000,0x00000000fec00000,0x0000000100000000)
 ParOldGen       total 175104K, used 42219K [0x00000000f0000000, 0x00000000fab00000, 0x00000000fab00000)
  object space 175104K, 24% used [0x00000000f0000000,0x00000000f293afb8,0x00000000fab00000)
 Metaspace       used 29045K, capacity 29602K, committed 29824K, reserved 1075200K
  class space    used 3706K, capacity 3852K, committed 3968K, reserved 1048576K
}
Event: 562.082 GC heap before
{Heap before GC invocations=47 (full 1):
 PSYoungGen      total 58880K, used 58733K [0x00000000fab00000, 0x0000000100000000, 0x0000000100000000)
  eden space 46592K, 100% used [0x00000000fab00000,0x00000000fd880000,0x00000000fd880000)
  from space 12288K, 98% used [0x00000000fd900000,0x00000000fe4db518,0x00000000fe500000)
  to   space 20480K, 0% used [0x00000000fec00000,0x00000000fec00000,0x0000000100000000)
 ParOldGen       total 175104K, used 42219K [0x00000000f0000000, 0x00000000fab00000, 0x00000000fab00000)
  object space 175104K, 24% used [0x00000000f0000000,0x00000000f293afb8,0x00000000fab00000)
 Metaspace       used 29086K, capacity 29730K, committed 30080K, reserved 1075200K
  class space    used 3706K, capacity 3852K, committed 3968K, reserved 1048576K
Event: 562.092 GC heap after
Heap after GC invocations=47 (full 1):
 PSYoungGen      total 65536K, used 11852K [0x00000000fab00000, 0x0000000100000000, 0x0000000100000000)
  eden space 45056K, 0% used [0x00000000fab00000,0x00000000fab00000,0x00000000fd700000)
  from space 20480K, 57% used [0x00000000fec00000,0x00000000ff793150,0x0000000100000000)
  to   space 20992K, 0% used [0x00000000fd700000,0x00000000fd700000,0x00000000feb80000)
 ParOldGen       total 175104K, used 42315K [0x00000000f0000000, 0x00000000fab00000, 0x00000000fab00000)
  object space 175104K, 24% used [0x00000000f0000000,0x00000000f2952fb8,0x00000000fab00000)
 Metaspace       used 29086K, capacity 29730K, committed 30080K, reserved 1075200K
  class space    used 3706K, capacity 3852K, committed 3968K, reserved 1048576K
}

